<?xml version="1.0" encoding="UTF-8"?>
<testsuite xmlns:xsi="http://www.w3.org/2001/XMLSchema-instance" xsi:noNamespaceSchemaLocation="https://maven.apache.org/surefire/maven-surefire-plugin/xsd/surefire-test-report-3.0.xsd" version="3.0" name="test.java.com.gamestore.CartTest" time="0.028" tests="5" errors="0" skipped="0" failures="0">
  <properties>
[...]
</properties>
  <testcase name="testAddGameIncreasesCartSize" classname="test.java.com.gamestore.CartTest" time="0.01"/>
  <testcase name="testClearEmptiesCartAndResetsTotal" classname="test.java.com.gamestore.CartTest" time="0.003"/>
  <testcase name="testRemoveGameSuccessfully" classname="test.java.com.gamestore.CartTest" time="0.002"/>
  <testcase name="testTotalCalculation" classname="test.java.com.gamestore.CartTest" time="0.001"/>
  <testcase name="testRemoveNonexistentGameReturnsFalse" classname="test.java.com.gamestore.CartTest" time="0.001"/>
</testsuite>